d:\studia_dyplomanci\magisterki\2019 makus\from3lo\sourcecodes\p3\x64\release\p3.pdb
d:\studia_dyplomanci\magisterki\2019 makus\from3lo\sourcecodes\p3\x64\release\util.obj
d:\studia_dyplomanci\magisterki\2019 makus\from3lo\sourcecodes\p3\x64\release\record.obj
d:\studia_dyplomanci\magisterki\2019 makus\from3lo\sourcecodes\p3\x64\release\randomrestarthc.obj
d:\studia_dyplomanci\magisterki\2019 makus\from3lo\sourcecodes\p3\x64\release\pyramid.obj
d:\studia_dyplomanci\magisterki\2019 makus\from3lo\sourcecodes\p3\x64\release\population.obj
d:\studia_dyplomanci\magisterki\2019 makus\from3lo\sourcecodes\p3\x64\release\optimizationcollection.obj
d:\studia_dyplomanci\magisterki\2019 makus\from3lo\sourcecodes\p3\x64\release\middlelayer.obj
d:\studia_dyplomanci\magisterki\2019 makus\from3lo\sourcecodes\p3\x64\release\ltga.obj
d:\studia_dyplomanci\magisterki\2019 makus\from3lo\sourcecodes\p3\x64\release\lambdalambda.obj
d:\studia_dyplomanci\magisterki\2019 makus\from3lo\sourcecodes\p3\x64\release\hillcimb.obj
d:\studia_dyplomanci\magisterki\2019 makus\from3lo\sourcecodes\p3\x64\release\experiments.obj
d:\studia_dyplomanci\magisterki\2019 makus\from3lo\sourcecodes\p3\x64\release\evaluation.obj
d:\studia_dyplomanci\magisterki\2019 makus\from3lo\sourcecodes\p3\x64\release\configuration.obj
d:\studia_dyplomanci\magisterki\2019 makus\from3lo\sourcecodes\x64\release\p3.lib
d:\studia_dyplomanci\magisterki\2019 makus\from3lo\sourcecodes\p3\x64\release\p3.tlog\cl.command.1.tlog
d:\studia_dyplomanci\magisterki\2019 makus\from3lo\sourcecodes\p3\x64\release\p3.tlog\cl.read.1.tlog
d:\studia_dyplomanci\magisterki\2019 makus\from3lo\sourcecodes\p3\x64\release\p3.tlog\cl.write.1.tlog
d:\studia_dyplomanci\magisterki\2019 makus\from3lo\sourcecodes\p3\x64\release\p3.tlog\lib-link.read.1.tlog
d:\studia_dyplomanci\magisterki\2019 makus\from3lo\sourcecodes\p3\x64\release\p3.tlog\lib-link.write.1.tlog
d:\studia_dyplomanci\magisterki\2019 makus\from3lo\sourcecodes\p3\x64\release\p3.tlog\lib.command.1.tlog
